<?xml version="1.0" encoding="UTF-8"?>
<!-- Generated by org.testng.reporters.JUnitReportReporter -->
<testsuite hostname="DESKTOP-QJHCDNC" failures="0" tests="4" name="Tests.TestPages" time="2.801" errors="0" timestamp="2024-03-17T08:43:25 EET" skipped="0">
  <testcase classname="Tests.TestPages" name="user_Can_Navigate_To_Page3" time="0.656"/>
  <system-out/>
  <testcase classname="Tests.TestPages" name="User_Can_Search" time="1.174"/>
  <system-out/>
  <testcase classname="Tests.TestPages" name="user_Can_Navigate_To_Page2" time="0.919"/>
  <system-out/>
  <testcase classname="Tests.TestPages" name="user_Can_Scroll_Down_At_Page1" time="0.052"/>
  <system-out/>
</testsuite> <!-- Tests.TestPages -->
